<?xml version="1.0" encoding="UTF-8"?>
<coverage generated="1540429013640" clover="4.3.0">
   <project name="marxls 1.0.0-SNAPSHOT" timestamp="1540428962409">
      <metrics coveredelements="264" complexity="128" loc="655" methods="50" classes="9" statements="231" packages="1" coveredconditionals="49" coveredmethods="40" elements="351" ncloc="566" files="8" conditionals="70" coveredstatements="175"/>
      <package name="marxls">
         <metrics coveredelements="264" complexity="128" loc="655" methods="50" classes="9" statements="231" coveredconditionals="49" coveredmethods="40" elements="351" ncloc="566" files="8" conditionals="70" coveredstatements="175"/>
         <file path="/home/paulo/Repos/marxls/src/main/java/marxls/Converter.java" name="Converter.java">
            <metrics coveredelements="0" coveredconditionals="0" complexity="0" loc="8" coveredmethods="0" methods="0" elements="0" classes="1" ncloc="5" statements="0" conditionals="0" coveredstatements="0"/>
            <class name="Converter">
               <metrics coveredelements="0" coveredconditionals="0" complexity="0" coveredmethods="0" methods="0" elements="0" statements="0" conditionals="0" coveredstatements="0"/>
            </class>
         </file>
         <file path="/home/paulo/Repos/marxls/src/main/java/marxls/ConverterFactory.java" name="ConverterFactory.java">
            <metrics coveredelements="29" coveredconditionals="5" complexity="20" loc="76" coveredmethods="3" methods="4" elements="50" classes="1" ncloc="68" statements="38" conditionals="8" coveredstatements="21"/>
            <class name="ConverterFactory">
               <metrics coveredelements="29" coveredconditionals="5" complexity="20" coveredmethods="3" methods="4" elements="50" statements="38" conditionals="8" coveredstatements="21"/>
            </class>
            <line complexity="1" visibility="private" signature="ConverterFactory()" num="16" count="0" type="method"/>
            <line complexity="4" visibility="private" signature="converter(Class&lt;?&gt;) : Converter&lt;T&gt;" num="18" count="20" type="method"/>
            <line num="20" count="20" type="stmt"/>
            <line falsecount="0" truecount="20" num="20" type="cond"/>
            <line num="21" count="20" type="stmt"/>
            <line num="22" count="20" type="stmt"/>
            <line num="23" count="20" type="stmt"/>
            <line num="26" count="0" type="stmt"/>
            <line num="29" count="0" type="stmt"/>
            <line falsecount="0" truecount="0" num="29" type="cond"/>
            <line num="30" count="0" type="stmt"/>
            <line num="32" count="0" type="stmt"/>
            <line complexity="13" visibility="private" signature="converter(String) : Converter&lt;T&gt;" num="36" count="250" type="method"/>
            <line num="38" count="250" type="stmt"/>
            <line falsecount="150" truecount="100" num="38" type="cond"/>
            <line num="39" count="250" type="stmt"/>
            <line num="40" count="250" type="stmt"/>
            <line falsecount="220" truecount="30" num="40" type="cond"/>
            <line num="41" count="30" type="stmt"/>
            <line num="42" count="30" type="stmt"/>
            <line num="44" count="220" type="stmt"/>
            <line num="45" count="0" type="stmt"/>
            <line num="46" count="0" type="stmt"/>
            <line num="47" count="0" type="stmt"/>
            <line num="48" count="0" type="stmt"/>
            <line num="49" count="30" type="stmt"/>
            <line num="50" count="30" type="stmt"/>
            <line num="51" count="0" type="stmt"/>
            <line num="52" count="0" type="stmt"/>
            <line num="53" count="0" type="stmt"/>
            <line num="54" count="0" type="stmt"/>
            <line num="55" count="30" type="stmt"/>
            <line num="56" count="30" type="stmt"/>
            <line num="57" count="0" type="stmt"/>
            <line num="58" count="0" type="stmt"/>
            <line num="59" count="30" type="stmt"/>
            <line num="60" count="30" type="stmt"/>
            <line num="61" count="0" type="stmt"/>
            <line num="62" count="0" type="stmt"/>
            <line num="63" count="0" type="stmt"/>
            <line num="64" count="130" type="stmt"/>
            <line num="65" count="130" type="stmt"/>
            <line complexity="2" visibility="public" signature="converter(Member) : Converter&lt;T&gt;" num="69" count="270" type="method"/>
            <line num="70" count="270" type="stmt"/>
            <line num="71" count="270" type="stmt"/>
            <line num="73" count="250" type="stmt"/>
         </file>
         <file path="/home/paulo/Repos/marxls/src/main/java/marxls/ExcelFile.java" name="ExcelFile.java">
            <metrics coveredelements="102" coveredconditionals="15" complexity="46" loc="223" coveredmethods="18" methods="25" elements="138" classes="2" ncloc="194" statements="93" conditionals="20" coveredstatements="69"/>
            <class name="ExcelFile">
               <metrics coveredelements="89" coveredconditionals="15" complexity="37" coveredmethods="12" methods="16" elements="119" statements="83" conditionals="20" coveredstatements="62"/>
            </class>
            <class name="ExcelFile.ExcelSheet">
               <metrics coveredelements="13" coveredconditionals="0" complexity="9" coveredmethods="6" methods="9" elements="19" statements="10" conditionals="0" coveredstatements="7"/>
            </class>
            <line complexity="1" visibility="package" signature="&lt;clinit&gt;, line 28()" num="28" count="2" type="method"/>
            <line num="29" count="2" type="stmt"/>
            <line num="30" count="2" type="stmt"/>
            <line num="31" count="2" type="stmt"/>
            <line num="32" count="2" type="stmt"/>
            <line num="33" count="2" type="stmt"/>
            <line complexity="1" visibility="public" signature="ExcelFile(Path)" num="38" count="0" type="method"/>
            <line num="39" count="0" type="stmt"/>
            <line complexity="2" visibility="public" signature="ExcelFile(File)" num="42" count="14" type="method"/>
            <line num="43" count="14" type="stmt"/>
            <line num="44" count="14" type="stmt"/>
            <line num="45" count="14" type="stmt"/>
            <line num="46" count="14" type="stmt"/>
            <line falsecount="14" truecount="42" num="46" type="cond"/>
            <line num="47" count="42" type="stmt"/>
            <line num="48" count="42" type="stmt"/>
            <line complexity="1" visibility="public" signature="read(String,int,int,Converter&lt;T&gt;,Consumer&lt;T&gt;) : T" num="52" count="302" type="method"/>
            <line num="54" count="302" type="stmt"/>
            <line num="55" count="262" type="stmt"/>
            <line num="56" count="262" type="stmt"/>
            <line complexity="2" visibility="public" signature="read(String,int,int,Converter&lt;T&gt;) : T" num="59" count="314" type="method"/>
            <line num="60" count="314" type="stmt"/>
            <line num="61" count="314" type="stmt"/>
            <line num="62" count="314" type="stmt"/>
            <line num="64" count="20" type="stmt"/>
            <line complexity="1" visibility="public" signature="read(String,int,int,Consumer&lt;String&gt;) : String" num="68" count="0" type="method"/>
            <line num="69" count="0" type="stmt"/>
            <line num="70" count="0" type="stmt"/>
            <line num="71" count="0" type="stmt"/>
            <line complexity="2" visibility="public" signature="read(String,int,int) : String" num="74" count="314" type="method"/>
            <line num="75" count="314" type="stmt"/>
            <line num="76" count="314" type="stmt"/>
            <line num="77" count="314" type="stmt"/>
            <line num="78" count="314" type="stmt"/>
            <line num="79" count="314" type="stmt"/>
            <line num="80" count="314" type="stmt"/>
            <line num="82" count="0" type="stmt"/>
            <line num="84" count="314" type="stmt"/>
            <line complexity="3" visibility="public" signature="write(String,int,int,T) : void" num="87" count="24" type="method"/>
            <line num="88" count="24" type="stmt"/>
            <line num="89" count="24" type="stmt"/>
            <line num="90" count="24" type="stmt"/>
            <line falsecount="16" truecount="8" num="90" type="cond"/>
            <line num="91" count="8" type="stmt"/>
            <line num="93" count="24" type="stmt"/>
            <line num="94" count="24" type="stmt"/>
            <line falsecount="0" truecount="24" num="94" type="cond"/>
            <line num="95" count="24" type="stmt"/>
            <line num="97" count="24" type="stmt"/>
            <line complexity="1" visibility="public" signature="getRows(String,Predicate&lt;Row&gt;) : SortedSet&lt;Integer&gt;" num="100" count="50" type="method"/>
            <line num="101" count="50" type="stmt"/>
            <line num="102" count="50" type="stmt"/>
            <line complexity="4" visibility="public" signature="getColumn(String,Predicate&lt;Cell&gt;) : int" num="106" count="290" type="method"/>
            <line num="107" count="290" type="stmt"/>
            <line num="108" count="290" type="stmt"/>
            <line num="109" count="290" type="stmt"/>
            <line num="110" count="290" type="stmt"/>
            <line num="111" count="290" type="stmt"/>
            <line num="112" count="290" type="stmt"/>
            <line falsecount="0" truecount="290" num="112" type="cond"/>
            <line num="113" count="290" type="stmt"/>
            <line num="114" count="290" type="stmt"/>
            <line num="115" count="290" type="stmt"/>
            <line falsecount="0" truecount="1040" num="115" type="cond"/>
            <line num="116" count="1040" type="stmt"/>
            <line num="117" count="1040" type="stmt"/>
            <line falsecount="750" truecount="290" num="117" type="cond"/>
            <line num="118" count="290" type="stmt"/>
            <line num="122" count="0" type="stmt"/>
            <line complexity="9" visibility="private" signature="getCellValue(Cell) : String" num="125" count="314" type="method"/>
            <line num="126" count="314" type="stmt"/>
            <line falsecount="294" truecount="20" num="126" type="cond"/>
            <line num="127" count="20" type="stmt"/>
            <line num="129" count="294" type="stmt"/>
            <line num="130" count="192" type="stmt"/>
            <line num="131" count="192" type="stmt"/>
            <line num="132" count="102" type="stmt"/>
            <line num="133" count="102" type="stmt"/>
            <line num="134" count="0" type="stmt"/>
            <line num="135" count="0" type="stmt"/>
            <line num="136" count="0" type="stmt"/>
            <line num="137" count="0" type="stmt"/>
            <line num="138" count="0" type="stmt"/>
            <line num="139" count="0" type="stmt"/>
            <line num="140" count="0" type="stmt"/>
            <line num="141" count="0" type="stmt"/>
            <line complexity="4" visibility="private" signature="setCellValue(Cell,Object) : void" num="145" count="24" type="method"/>
            <line num="146" count="24" type="stmt"/>
            <line falsecount="24" truecount="0" num="146" type="cond"/>
            <line num="147" count="0" type="stmt"/>
            <line num="148" count="24" type="stmt"/>
            <line falsecount="24" truecount="0" num="148" type="cond"/>
            <line num="149" count="0" type="stmt"/>
            <line num="150" count="24" type="stmt"/>
            <line falsecount="12" truecount="12" num="150" type="cond"/>
            <line num="151" count="12" type="stmt"/>
            <line num="153" count="12" type="stmt"/>
            <line complexity="1" visibility="public" signature="sheet(String) : ExcelSheet" num="157" count="52" type="method"/>
            <line num="158" count="52" type="stmt"/>
            <line complexity="1" visibility="public" signature="save(Path) : void" num="161" count="0" type="method"/>
            <line num="162" count="0" type="stmt"/>
            <line complexity="2" visibility="public" signature="save(File) : void" num="165" count="0" type="method"/>
            <line num="166" count="0" type="stmt"/>
            <line num="167" count="0" type="stmt"/>
            <line num="169" count="0" type="stmt"/>
            <line complexity="2" visibility="public" signature="close() : void" num="173" count="14" type="method"/>
            <line num="175" count="14" type="stmt"/>
            <line num="176" count="14" type="stmt"/>
            <line num="178" count="0" type="stmt"/>
            <line complexity="1" visibility="private" signature="ExcelSheet(ExcelFile,String)" num="186" count="52" type="method"/>
            <line num="187" count="52" type="stmt"/>
            <line num="188" count="52" type="stmt"/>
            <line complexity="1" visibility="public" signature="read(int,int,Converter&lt;T&gt;,Consumer&lt;T&gt;) : T" num="191" count="296" type="method"/>
            <line num="192" count="296" type="stmt"/>
            <line complexity="1" visibility="public" signature="read(int,int,Converter&lt;T&gt;) : T" num="195" count="6" type="method"/>
            <line num="196" count="6" type="stmt"/>
            <line complexity="1" visibility="public" signature="read(int,int,Consumer&lt;String&gt;) : String" num="199" count="0" type="method"/>
            <line num="200" count="0" type="stmt"/>
            <line complexity="1" visibility="public" signature="read(int,int) : String" num="203" count="0" type="method"/>
            <line num="204" count="0" type="stmt"/>
            <line complexity="1" visibility="public" signature="write(int,int,T) : void" num="207" count="12" type="method"/>
            <line num="208" count="12" type="stmt"/>
            <line complexity="1" visibility="public" signature="getRows(Predicate&lt;Row&gt;) : SortedSet&lt;Integer&gt;" num="211" count="50" type="method"/>
            <line num="212" count="50" type="stmt"/>
            <line complexity="1" visibility="public" signature="toString() : String" num="215" count="0" type="method"/>
            <line num="216" count="0" type="stmt"/>
            <line complexity="1" visibility="public" signature="getColumn(Predicate&lt;Cell&gt;) : int" num="219" count="290" type="method"/>
            <line num="220" count="290" type="stmt"/>
         </file>
         <file path="/home/paulo/Repos/marxls/src/main/java/marxls/ExcelMarshaller.java" name="ExcelMarshaller.java">
            <metrics coveredelements="53" coveredconditionals="7" complexity="23" loc="139" coveredmethods="9" methods="10" elements="64" classes="1" ncloc="118" statements="42" conditionals="12" coveredstatements="37"/>
            <class name="ExcelMarshaller">
               <metrics coveredelements="53" coveredconditionals="7" complexity="23" coveredmethods="9" methods="10" elements="64" statements="42" conditionals="12" coveredstatements="37"/>
            </class>
            <line complexity="1" visibility="private" signature="ExcelMarshaller(File,String,Predicate&lt;Row&gt;,boolean)" num="37" count="10" type="method"/>
            <line num="39" count="10" type="stmt"/>
            <line num="40" count="10" type="stmt"/>
            <line num="41" count="10" type="stmt"/>
            <line num="42" count="10" type="stmt"/>
            <line num="43" count="10" type="stmt"/>
            <line num="44" count="10" type="stmt"/>
            <line num="45" count="10" type="stmt"/>
            <line complexity="1" visibility="private" signature="ExcelMarshaller(File,Predicate&lt;Row&gt;,boolean)" num="48" count="10" type="method"/>
            <line num="50" count="10" type="stmt"/>
            <line complexity="1" visibility="public" signature="create(File) : ExcelMarshaller" num="53" count="10" type="method"/>
            <line num="55" count="10" type="stmt"/>
            <line complexity="1" visibility="public" signature="create(File,Predicate&lt;Row&gt;,boolean) : ExcelMarshaller" num="58" count="10" type="method"/>
            <line num="60" count="10" type="stmt"/>
            <line num="61" count="10" type="stmt"/>
            <line num="62" count="50" type="stmt"/>
            <line num="64" count="10" type="stmt"/>
            <line complexity="5" visibility="public" signature="read(File) : void" num="67" count="10" type="method"/>
            <line num="68" count="10" type="stmt"/>
            <line num="69" count="10" type="stmt"/>
            <line num="70" count="10" type="stmt"/>
            <line num="70" count="10" type="stmt"/>
            <line num="71" count="10" type="stmt"/>
            <line num="72" count="50" type="stmt"/>
            <line num="73" count="50" type="stmt"/>
            <line num="74" count="50" type="stmt"/>
            <line num="75" count="130" type="stmt"/>
            <line num="76" count="130" type="stmt"/>
            <line num="77" count="370" type="stmt"/>
            <line num="79" count="130" type="stmt"/>
            <line num="83" count="0" type="stmt"/>
            <line num="85" count="0" type="stmt"/>
            <line complexity="5" visibility="private" signature="setMember(ExcelSheet,int,Object,Member) : void" num="89" count="370" type="method"/>
            <line num="91" count="370" type="stmt"/>
            <line num="92" count="370" type="stmt"/>
            <line falsecount="20" truecount="350" num="92" type="cond"/>
            <line num="93" count="350" type="stmt"/>
            <line falsecount="80" truecount="270" num="93" type="cond"/>
            <line num="94" count="270" type="stmt"/>
            <line num="97" count="80" type="stmt"/>
            <line num="101" count="20" type="stmt"/>
            <line num="105" count="40" type="stmt"/>
            <line num="107" count="0" type="stmt"/>
            <line complexity="4" visibility="private" signature="column(ExcelSheet,Member) : int" num="111" count="290" type="method"/>
            <line num="112" count="290" type="stmt"/>
            <line num="113" count="290" type="stmt"/>
            <line falsecount="0" truecount="290" num="113" type="cond"/>
            <line num="118" count="0" type="stmt"/>
            <line falsecount="0" truecount="0" num="119" type="cond"/>
            <line complexity="3" visibility="private" signature="getLines(ExcelSheet) : SortedSet&lt;Integer&gt;" num="124" count="50" type="method"/>
            <line num="125" count="50" type="stmt"/>
            <line num="127" count="50" type="stmt"/>
            <line falsecount="50" truecount="0" num="127" type="cond"/>
            <line falsecount="0" truecount="50" num="127" type="cond"/>
            <line complexity="1" visibility="public" signature="get(Class&lt;T&gt;) : Map&lt;Integer, T&gt;" num="130" count="10" type="method"/>
            <line num="132" count="10" type="stmt"/>
            <line complexity="1" visibility="public" signature="addBeanFilter(Predicate&lt;Object&gt;) : void" num="135" count="0" type="method"/>
            <line num="136" count="0" type="stmt"/>
         </file>
         <file path="/home/paulo/Repos/marxls/src/main/java/marxls/Mapping.java" name="Mapping.java">
            <metrics coveredelements="4" coveredconditionals="2" complexity="2" loc="20" coveredmethods="1" methods="1" elements="4" classes="1" ncloc="16" statements="1" conditionals="2" coveredstatements="1"/>
            <class name="Mapping">
               <metrics coveredelements="4" coveredconditionals="2" complexity="2" coveredmethods="1" methods="1" elements="4" statements="1" conditionals="2" coveredstatements="1"/>
            </class>
            <line complexity="2" visibility="public" signature="getMember(String) : Member" num="14" count="60" type="method"/>
            <line num="15" count="60" type="stmt"/>
            <line falsecount="60" truecount="120" num="16" type="cond"/>
         </file>
         <file path="/home/paulo/Repos/marxls/src/main/java/marxls/Mappings.java" name="Mappings.java">
            <metrics coveredelements="0" coveredconditionals="0" complexity="0" loc="10" coveredmethods="0" methods="0" elements="0" classes="1" ncloc="7" statements="0" conditionals="0" coveredstatements="0"/>
            <class name="Mappings">
               <metrics coveredelements="0" coveredconditionals="0" complexity="0" coveredmethods="0" methods="0" elements="0" statements="0" conditionals="0" coveredstatements="0"/>
            </class>
         </file>
         <file path="/home/paulo/Repos/marxls/src/main/java/marxls/Member.java" name="Member.java">
            <metrics coveredelements="4" coveredconditionals="0" complexity="2" loc="23" coveredmethods="2" methods="2" elements="4" classes="1" ncloc="18" statements="2" conditionals="0" coveredstatements="2"/>
            <class name="Member">
               <metrics coveredelements="4" coveredconditionals="0" complexity="2" coveredmethods="2" methods="2" elements="4" statements="2" conditionals="0" coveredstatements="2"/>
            </class>
            <line complexity="1" visibility="public" signature="isTitleBased() : boolean" num="16" count="470" type="method"/>
            <line num="17" count="470" type="stmt"/>
            <line complexity="1" visibility="public" signature="isReferenceBased() : boolean" num="20" count="390" type="method"/>
            <line num="21" count="390" type="stmt"/>
         </file>
         <file path="/home/paulo/Repos/marxls/src/main/java/marxls/Repository.java" name="Repository.java">
            <metrics coveredelements="72" coveredconditionals="20" complexity="35" loc="156" coveredmethods="7" methods="8" elements="91" classes="1" ncloc="140" statements="55" conditionals="28" coveredstatements="45"/>
            <class name="Repository">
               <metrics coveredelements="72" coveredconditionals="20" complexity="35" coveredmethods="7" methods="8" elements="91" statements="55" conditionals="28" coveredstatements="45"/>
            </class>
            <line complexity="2" visibility="public" signature="put(Mapping,int,Object) : void" num="33" count="130" type="method"/>
            <line num="34" count="130" type="stmt"/>
            <line falsecount="0" truecount="130" num="34" type="cond"/>
            <line num="35" count="130" type="stmt"/>
            <line complexity="2" visibility="public" signature="get(String,int) : Object" num="39" count="80" type="method"/>
            <line num="40" count="80" type="stmt"/>
            <line falsecount="80" truecount="0" num="40" type="cond"/>
            <line num="41" count="0" type="stmt"/>
            <line num="43" count="80" type="stmt"/>
            <line complexity="2" visibility="public" signature="get(String) : Map&lt;Integer, Object&gt;" num="47" count="30" type="method"/>
            <line num="48" count="30" type="stmt"/>
            <line num="49" count="90" type="stmt"/>
            <line falsecount="60" truecount="30" num="49" type="cond"/>
            <line num="50" count="30" type="stmt"/>
            <line num="53" count="0" type="stmt"/>
            <line complexity="2" visibility="public" signature="get(Class&lt;?&gt;) : Map&lt;Integer, Object&gt;" num="56" count="10" type="method"/>
            <line num="57" count="10" type="stmt"/>
            <line num="58" count="30" type="stmt"/>
            <line falsecount="20" truecount="10" num="58" type="cond"/>
            <line num="59" count="10" type="stmt"/>
            <line num="62" count="0" type="stmt"/>
            <line complexity="1" visibility="public" signature="addFilter(Predicate&lt;Object&gt;) : void" num="65" count="0" type="method"/>
            <line num="66" count="0" type="stmt"/>
            <line complexity="11" visibility="public" signature="set(T,Member,V,String,List&lt;Mapping&gt;) : void" num="69" count="310" type="method"/>
            <line num="72" count="310" type="stmt"/>
            <line num="73" count="310" type="stmt"/>
            <line num="74" count="310" type="stmt"/>
            <line num="75" count="310" type="stmt"/>
            <line num="76" count="310" type="stmt"/>
            <line num="77" count="310" type="stmt"/>
            <line falsecount="250" truecount="60" num="77" type="cond"/>
            <line num="78" count="60" type="stmt"/>
            <line num="79" count="60" type="stmt"/>
            <line falsecount="0" truecount="60" num="79" type="cond"/>
            <line num="80" count="60" type="stmt"/>
            <line num="81" count="60" type="stmt"/>
            <line num="83" count="60" type="stmt"/>
            <line falsecount="40" truecount="20" num="83" type="cond"/>
            <line num="84" count="20" type="stmt"/>
            <line num="87" count="40" type="stmt"/>
            <line falsecount="40" truecount="0" num="87" type="cond"/>
            <line num="88" count="0" type="stmt"/>
            <line num="89" count="0" type="stmt"/>
            <line num="92" count="40" type="stmt"/>
            <line num="93" count="60" type="stmt"/>
            <line falsecount="30" truecount="30" num="93" type="cond"/>
            <line num="94" count="30" type="stmt"/>
            <line num="96" count="30" type="stmt"/>
            <line num="97" count="60" type="stmt"/>
            <line num="98" count="60" type="stmt"/>
            <line num="99" count="60" type="stmt"/>
            <line num="101" count="60" type="stmt"/>
            <line falsecount="0" truecount="60" num="101" type="cond"/>
            <line num="102" count="60" type="stmt"/>
            <line num="103" count="60" type="stmt"/>
            <line falsecount="60" truecount="0" num="103" type="cond"/>
            <line num="104" count="0" type="stmt"/>
            <line num="111" count="60" type="stmt"/>
            <line num="112" count="60" type="stmt"/>
            <line falsecount="30" truecount="30" num="112" type="cond"/>
            <line num="113" count="30" type="stmt"/>
            <line num="116" count="0" type="stmt"/>
            <line num="123" count="250" type="stmt"/>
            <line num="126" count="0" type="stmt"/>
            <line complexity="14" visibility="private" signature="newCollectionInstance(Class&lt;T&gt;) : T" num="131" count="120" type="method"/>
            <line num="133" count="120" type="stmt"/>
            <line num="134" count="120" type="stmt"/>
            <line num="135" count="120" type="stmt"/>
            <line num="137" count="60" type="stmt"/>
            <line falsecount="60" truecount="0" num="137" type="cond"/>
            <line num="142" count="0" type="stmt"/>
            <line num="143" count="60" type="stmt"/>
            <line falsecount="0" truecount="60" num="143" type="cond"/>
            <line num="147" count="60" type="stmt"/>
            <line num="150" count="120" type="stmt"/>
            <line complexity="1" visibility="public" signature="set(Member,int,V) : void" num="153" count="20" type="method"/>
            <line num="154" count="20" type="stmt"/>
         </file>
      </package>
   </project>
   <testproject name="marxls 1.0.0-SNAPSHOT" timestamp="1540428962409">
      <metrics coveredelements="68" complexity="19" loc="212" methods="11" classes="8" statements="63" packages="1" coveredconditionals="0" coveredmethods="10" elements="74" ncloc="174" files="8" conditionals="0" coveredstatements="58"/>
      <package name="marxls">
         <metrics coveredelements="68" complexity="19" loc="212" methods="11" classes="8" statements="63" coveredconditionals="0" coveredmethods="10" elements="74" ncloc="174" files="8" conditionals="0" coveredstatements="58"/>
         <file path="/home/paulo/Repos/marxls/src/test/java/marxls/Address.java" name="Address.java">
            <metrics coveredelements="0" coveredconditionals="0" complexity="0" loc="9" coveredmethods="0" methods="0" elements="0" classes="1" ncloc="7" statements="0" conditionals="0" coveredstatements="0"/>
            <class name="Address">
               <metrics coveredelements="0" coveredconditionals="0" complexity="0" coveredmethods="0" methods="0" elements="0" statements="0" conditionals="0" coveredstatements="0"/>
            </class>
         </file>
         <file path="/home/paulo/Repos/marxls/src/test/java/marxls/Country.java" name="Country.java">
            <metrics coveredelements="0" coveredconditionals="0" complexity="0" loc="5" coveredmethods="0" methods="0" elements="0" classes="1" ncloc="4" statements="0" conditionals="0" coveredstatements="0"/>
            <class name="Country">
               <metrics coveredelements="0" coveredconditionals="0" complexity="0" coveredmethods="0" methods="0" elements="0" statements="0" conditionals="0" coveredstatements="0"/>
            </class>
         </file>
         <file path="/home/paulo/Repos/marxls/src/test/java/marxls/ExcelFileTest.java" name="ExcelFileTest.java">
            <metrics coveredelements="40" coveredconditionals="0" complexity="12" loc="86" coveredmethods="4" methods="5" elements="45" classes="1" ncloc="72" statements="40" conditionals="0" coveredstatements="36"/>
            <class name="ExcelFileTest">
               <metrics coveredelements="40" complexity="12" methods="5" testruns="4" statements="40" coveredconditionals="0" coveredmethods="4" elements="45" testfailures="0" testduration="1.356" conditionals="0" coveredstatements="36" testpasses="4"/>
            </class>
            <line complexity="4" visibility="public" signature="testExcelFile() : void" num="20" testsuccess="true" count="2" testduration="0.041" type="method"/>
            <line num="23" count="2" type="stmt"/>
            <line num="23" count="2" type="stmt"/>
            <line num="25" count="2" type="stmt"/>
            <line num="26" count="2" type="stmt"/>
            <line num="27" count="2" type="stmt"/>
            <line num="28" count="2" type="stmt"/>
            <line num="29" count="2" type="stmt"/>
            <line num="30" count="2" type="stmt"/>
            <line num="31" count="2" type="stmt"/>
            <line num="32" count="2" type="stmt"/>
            <line num="33" count="2" type="stmt"/>
            <line num="34" count="2" type="stmt"/>
            <line num="36" count="2" type="stmt"/>
            <line num="38" count="2" type="stmt"/>
            <line num="41" count="0" type="stmt"/>
            <line num="43" count="2" type="stmt"/>
            <line complexity="5" visibility="public" signature="testExcelSheet() : void" num="46" testsuccess="true" count="2" testduration="0.714" type="method"/>
            <line num="48" count="2" type="stmt"/>
            <line num="49" count="2" type="stmt"/>
            <line num="50" count="2" type="stmt"/>
            <line num="51" count="2" type="stmt"/>
            <line num="51" count="2" type="stmt"/>
            <line num="52" count="2" type="stmt"/>
            <line num="53" count="2" type="stmt"/>
            <line num="54" count="2" type="stmt"/>
            <line num="55" count="2" type="stmt"/>
            <line num="56" count="2" type="stmt"/>
            <line num="57" count="2" type="stmt"/>
            <line num="58" count="2" type="stmt"/>
            <line num="59" count="2" type="stmt"/>
            <line num="60" count="2" type="stmt"/>
            <line num="61" count="2" type="stmt"/>
            <line num="62" count="2" type="stmt"/>
            <line num="63" count="2" type="stmt"/>
            <line num="64" count="2" type="stmt"/>
            <line num="66" count="0" type="stmt"/>
            <line num="70" count="0" type="stmt"/>
            <line num="72" count="2" type="stmt"/>
            <line complexity="1" visibility="package" signature="doubleTest(Double) : Double" num="75" count="12" type="method"/>
            <line num="76" count="12" type="stmt"/>
            <line complexity="1" visibility="package" signature="stringTest(String) : String" num="79" count="12" type="method"/>
            <line num="80" count="12" type="stmt"/>
            <line complexity="1" visibility="package" signature="booleanTest(boolean) : boolean" num="83" count="0" type="method"/>
            <line num="84" count="0" type="stmt"/>
         </file>
         <file path="/home/paulo/Repos/marxls/src/test/java/marxls/ExcelMarshallerTest.java" name="ExcelMarshallerTest.java">
            <metrics coveredelements="28" coveredconditionals="0" complexity="7" loc="68" coveredmethods="6" methods="6" elements="29" classes="1" ncloc="57" statements="23" conditionals="0" coveredstatements="22"/>
            <class name="ExcelMarshallerTest">
               <metrics coveredelements="28" complexity="7" methods="6" testruns="10" statements="23" coveredconditionals="0" coveredmethods="6" elements="29" testfailures="0" testduration="0.006" conditionals="0" coveredstatements="22" testpasses="10"/>
            </class>
            <line complexity="2" visibility="public" signature="setup() : void" num="19" count="10" type="method"/>
            <line num="21" count="10" type="stmt"/>
            <line num="22" count="10" type="stmt"/>
            <line num="24" count="10" type="stmt"/>
            <line num="26" count="0" type="stmt"/>
            <line complexity="1" visibility="public" signature="testSimpleMembers() : void" num="30" testsuccess="true" count="2" testduration="0.0" type="method"/>
            <line num="32" count="2" type="stmt"/>
            <line num="33" count="2" type="stmt"/>
            <line num="34" count="2" type="stmt"/>
            <line complexity="1" visibility="public" signature="testEnum() : void" num="37" testsuccess="true" count="2" testduration="0.002" type="method"/>
            <line num="39" count="2" type="stmt"/>
            <line num="40" count="2" type="stmt"/>
            <line num="41" count="2" type="stmt"/>
            <line complexity="1" visibility="public" signature="testBeanMemberWithoutReference() : void" num="44" testsuccess="true" count="2" testduration="0.001" type="method"/>
            <line num="46" count="2" type="stmt"/>
            <line num="47" count="2" type="stmt"/>
            <line num="48" count="2" type="stmt"/>
            <line complexity="1" visibility="public" signature="testMemberWithMultiValue() : void" num="51" testsuccess="true" count="2" testduration="0.0" type="method"/>
            <line num="53" count="2" type="stmt"/>
            <line num="54" count="2" type="stmt"/>
            <line num="55" count="2" type="stmt"/>
            <line num="56" count="2" type="stmt"/>
            <line num="57" count="2" type="stmt"/>
            <line num="58" count="2" type="stmt"/>
            <line num="59" count="2" type="stmt"/>
            <line num="60" count="2" type="stmt"/>
            <line complexity="1" visibility="public" signature="testMemberWithSimpleValue() : void" num="63" testsuccess="true" count="2" testduration="0.001" type="method"/>
            <line num="65" count="2" type="stmt"/>
            <line num="66" count="2" type="stmt"/>
         </file>
         <file path="/home/paulo/Repos/marxls/src/test/java/marxls/MainEntity.java" name="MainEntity.java">
            <metrics coveredelements="0" coveredconditionals="0" complexity="0" loc="9" coveredmethods="0" methods="0" elements="0" classes="1" ncloc="7" statements="0" conditionals="0" coveredstatements="0"/>
            <class name="MainEntity">
               <metrics coveredelements="0" coveredconditionals="0" complexity="0" coveredmethods="0" methods="0" elements="0" statements="0" conditionals="0" coveredstatements="0"/>
            </class>
         </file>
         <file path="/home/paulo/Repos/marxls/src/test/java/marxls/Place.java" name="Place.java">
            <metrics coveredelements="0" coveredconditionals="0" complexity="0" loc="9" coveredmethods="0" methods="0" elements="0" classes="1" ncloc="7" statements="0" conditionals="0" coveredstatements="0"/>
            <class name="Place">
               <metrics coveredelements="0" coveredconditionals="0" complexity="0" coveredmethods="0" methods="0" elements="0" statements="0" conditionals="0" coveredstatements="0"/>
            </class>
         </file>
         <file path="/home/paulo/Repos/marxls/src/test/java/marxls/PlaceTags.java" name="PlaceTags.java">
            <metrics coveredelements="0" coveredconditionals="0" complexity="0" loc="11" coveredmethods="0" methods="0" elements="0" classes="1" ncloc="8" statements="0" conditionals="0" coveredstatements="0"/>
            <class name="PlaceTags">
               <metrics coveredelements="0" coveredconditionals="0" complexity="0" coveredmethods="0" methods="0" elements="0" statements="0" conditionals="0" coveredstatements="0"/>
            </class>
         </file>
         <file path="/home/paulo/Repos/marxls/src/test/java/marxls/SimpleEntity.java" name="SimpleEntity.java">
            <metrics coveredelements="0" coveredconditionals="0" complexity="0" loc="15" coveredmethods="0" methods="0" elements="0" classes="1" ncloc="12" statements="0" conditionals="0" coveredstatements="0"/>
            <class name="SimpleEntity">
               <metrics coveredelements="0" coveredconditionals="0" complexity="0" coveredmethods="0" methods="0" elements="0" statements="0" conditionals="0" coveredstatements="0"/>
            </class>
         </file>
      </package>
   </testproject>
</coverage>