<?xml version="1.0" encoding="UTF-8"?>
<coverage generated="1558319482092" clover="4.3.0">
   <project name="marxls 0.0.2" timestamp="1558319449957">
      <metrics coveredelements="264" complexity="128" loc="655" methods="50" classes="9" statements="231" packages="1" coveredconditionals="49" coveredmethods="40" elements="351" ncloc="566" files="8" conditionals="70" coveredstatements="175"/>
      <package name="net.technearts">
         <metrics coveredelements="264" complexity="128" loc="655" methods="50" classes="9" statements="231" coveredconditionals="49" coveredmethods="40" elements="351" ncloc="566" files="8" conditionals="70" coveredstatements="175"/>
         <file path="/home/paulo/Repos/marxls/src/main/java/net/technearts/Converter.java" name="Converter.java">
            <metrics coveredelements="0" coveredconditionals="0" complexity="0" loc="8" coveredmethods="0" methods="0" elements="0" classes="1" ncloc="5" statements="0" conditionals="0" coveredstatements="0"/>
            <class name="Converter">
               <metrics coveredelements="0" coveredconditionals="0" complexity="0" coveredmethods="0" methods="0" elements="0" statements="0" conditionals="0" coveredstatements="0"/>
            </class>
         </file>
         <file path="/home/paulo/Repos/marxls/src/main/java/net/technearts/ConverterFactory.java" name="ConverterFactory.java">
            <metrics coveredelements="29" coveredconditionals="5" complexity="20" loc="76" coveredmethods="3" methods="4" elements="50" classes="1" ncloc="68" statements="38" conditionals="8" coveredstatements="21"/>
            <class name="ConverterFactory">
               <metrics coveredelements="29" coveredconditionals="5" complexity="20" coveredmethods="3" methods="4" elements="50" statements="38" conditionals="8" coveredstatements="21"/>
            </class>
            <line complexity="1" visibility="private" signature="ConverterFactory()" num="16" count="0" type="method"/>
            <line complexity="4" visibility="private" signature="converter(Class&lt;?&gt;) : Converter&lt;T&gt;" num="18" count="10" type="method"/>
            <line num="20" count="10" type="stmt"/>
            <line falsecount="0" truecount="10" num="20" type="cond"/>
            <line num="21" count="10" type="stmt"/>
            <line num="22" count="10" type="stmt"/>
            <line num="23" count="10" type="stmt"/>
            <line num="26" count="0" type="stmt"/>
            <line num="29" count="0" type="stmt"/>
            <line falsecount="0" truecount="0" num="29" type="cond"/>
            <line num="30" count="0" type="stmt"/>
            <line num="32" count="0" type="stmt"/>
            <line complexity="13" visibility="private" signature="converter(String) : Converter&lt;T&gt;" num="36" count="125" type="method"/>
            <line num="38" count="125" type="stmt"/>
            <line falsecount="75" truecount="50" num="38" type="cond"/>
            <line num="39" count="125" type="stmt"/>
            <line num="40" count="125" type="stmt"/>
            <line falsecount="110" truecount="15" num="40" type="cond"/>
            <line num="41" count="15" type="stmt"/>
            <line num="42" count="15" type="stmt"/>
            <line num="44" count="110" type="stmt"/>
            <line num="45" count="0" type="stmt"/>
            <line num="46" count="0" type="stmt"/>
            <line num="47" count="0" type="stmt"/>
            <line num="48" count="0" type="stmt"/>
            <line num="49" count="15" type="stmt"/>
            <line num="50" count="15" type="stmt"/>
            <line num="51" count="0" type="stmt"/>
            <line num="52" count="0" type="stmt"/>
            <line num="53" count="0" type="stmt"/>
            <line num="54" count="0" type="stmt"/>
            <line num="55" count="15" type="stmt"/>
            <line num="56" count="15" type="stmt"/>
            <line num="57" count="0" type="stmt"/>
            <line num="58" count="0" type="stmt"/>
            <line num="59" count="15" type="stmt"/>
            <line num="60" count="15" type="stmt"/>
            <line num="61" count="0" type="stmt"/>
            <line num="62" count="0" type="stmt"/>
            <line num="63" count="0" type="stmt"/>
            <line num="64" count="65" type="stmt"/>
            <line num="65" count="65" type="stmt"/>
            <line complexity="2" visibility="public" signature="converter(Member) : Converter&lt;T&gt;" num="69" count="135" type="method"/>
            <line num="70" count="135" type="stmt"/>
            <line num="71" count="135" type="stmt"/>
            <line num="73" count="125" type="stmt"/>
         </file>
         <file path="/home/paulo/Repos/marxls/src/main/java/net/technearts/ExcelFile.java" name="ExcelFile.java">
            <metrics coveredelements="102" coveredconditionals="15" complexity="46" loc="223" coveredmethods="18" methods="25" elements="138" classes="2" ncloc="194" statements="93" conditionals="20" coveredstatements="69"/>
            <class name="ExcelFile">
               <metrics coveredelements="89" coveredconditionals="15" complexity="37" coveredmethods="12" methods="16" elements="119" statements="83" conditionals="20" coveredstatements="62"/>
            </class>
            <class name="ExcelFile.ExcelSheet">
               <metrics coveredelements="13" coveredconditionals="0" complexity="9" coveredmethods="6" methods="9" elements="19" statements="10" conditionals="0" coveredstatements="7"/>
            </class>
            <line complexity="1" visibility="package" signature="&lt;clinit&gt;, line 28()" num="28" count="1" type="method"/>
            <line num="29" count="1" type="stmt"/>
            <line num="30" count="1" type="stmt"/>
            <line num="31" count="1" type="stmt"/>
            <line num="32" count="1" type="stmt"/>
            <line num="33" count="1" type="stmt"/>
            <line complexity="1" visibility="public" signature="ExcelFile(Path)" num="38" count="0" type="method"/>
            <line num="39" count="0" type="stmt"/>
            <line complexity="2" visibility="public" signature="ExcelFile(File)" num="42" count="7" type="method"/>
            <line num="43" count="7" type="stmt"/>
            <line num="44" count="7" type="stmt"/>
            <line num="45" count="7" type="stmt"/>
            <line num="46" count="7" type="stmt"/>
            <line falsecount="7" truecount="21" num="46" type="cond"/>
            <line num="47" count="21" type="stmt"/>
            <line num="48" count="21" type="stmt"/>
            <line complexity="1" visibility="public" signature="read(String,int,int,Converter&lt;T&gt;,Consumer&lt;T&gt;) : T" num="52" count="151" type="method"/>
            <line num="54" count="151" type="stmt"/>
            <line num="55" count="131" type="stmt"/>
            <line num="56" count="131" type="stmt"/>
            <line complexity="2" visibility="public" signature="read(String,int,int,Converter&lt;T&gt;) : T" num="59" count="157" type="method"/>
            <line num="60" count="157" type="stmt"/>
            <line num="61" count="157" type="stmt"/>
            <line num="62" count="157" type="stmt"/>
            <line num="64" count="10" type="stmt"/>
            <line complexity="1" visibility="public" signature="read(String,int,int,Consumer&lt;String&gt;) : String" num="68" count="0" type="method"/>
            <line num="69" count="0" type="stmt"/>
            <line num="70" count="0" type="stmt"/>
            <line num="71" count="0" type="stmt"/>
            <line complexity="2" visibility="public" signature="read(String,int,int) : String" num="74" count="157" type="method"/>
            <line num="75" count="157" type="stmt"/>
            <line num="76" count="157" type="stmt"/>
            <line num="77" count="157" type="stmt"/>
            <line num="78" count="157" type="stmt"/>
            <line num="79" count="157" type="stmt"/>
            <line num="80" count="157" type="stmt"/>
            <line num="82" count="0" type="stmt"/>
            <line num="84" count="157" type="stmt"/>
            <line complexity="3" visibility="public" signature="write(String,int,int,T) : void" num="87" count="12" type="method"/>
            <line num="88" count="12" type="stmt"/>
            <line num="89" count="12" type="stmt"/>
            <line num="90" count="12" type="stmt"/>
            <line falsecount="8" truecount="4" num="90" type="cond"/>
            <line num="91" count="4" type="stmt"/>
            <line num="93" count="12" type="stmt"/>
            <line num="94" count="12" type="stmt"/>
            <line falsecount="0" truecount="12" num="94" type="cond"/>
            <line num="95" count="12" type="stmt"/>
            <line num="97" count="12" type="stmt"/>
            <line complexity="1" visibility="public" signature="getRows(String,Predicate&lt;Row&gt;) : SortedSet&lt;Integer&gt;" num="100" count="25" type="method"/>
            <line num="101" count="25" type="stmt"/>
            <line num="102" count="25" type="stmt"/>
            <line complexity="4" visibility="public" signature="getColumn(String,Predicate&lt;Cell&gt;) : int" num="106" count="145" type="method"/>
            <line num="107" count="145" type="stmt"/>
            <line num="108" count="145" type="stmt"/>
            <line num="109" count="145" type="stmt"/>
            <line num="110" count="145" type="stmt"/>
            <line num="111" count="145" type="stmt"/>
            <line num="112" count="145" type="stmt"/>
            <line falsecount="0" truecount="145" num="112" type="cond"/>
            <line num="113" count="145" type="stmt"/>
            <line num="114" count="145" type="stmt"/>
            <line num="115" count="145" type="stmt"/>
            <line falsecount="0" truecount="520" num="115" type="cond"/>
            <line num="116" count="520" type="stmt"/>
            <line num="117" count="520" type="stmt"/>
            <line falsecount="375" truecount="145" num="117" type="cond"/>
            <line num="118" count="145" type="stmt"/>
            <line num="122" count="0" type="stmt"/>
            <line complexity="9" visibility="private" signature="getCellValue(Cell) : String" num="125" count="157" type="method"/>
            <line num="126" count="157" type="stmt"/>
            <line falsecount="147" truecount="10" num="126" type="cond"/>
            <line num="127" count="10" type="stmt"/>
            <line num="129" count="147" type="stmt"/>
            <line num="130" count="96" type="stmt"/>
            <line num="131" count="96" type="stmt"/>
            <line num="132" count="51" type="stmt"/>
            <line num="133" count="51" type="stmt"/>
            <line num="134" count="0" type="stmt"/>
            <line num="135" count="0" type="stmt"/>
            <line num="136" count="0" type="stmt"/>
            <line num="137" count="0" type="stmt"/>
            <line num="138" count="0" type="stmt"/>
            <line num="139" count="0" type="stmt"/>
            <line num="140" count="0" type="stmt"/>
            <line num="141" count="0" type="stmt"/>
            <line complexity="4" visibility="private" signature="setCellValue(Cell,Object) : void" num="145" count="12" type="method"/>
            <line num="146" count="12" type="stmt"/>
            <line falsecount="12" truecount="0" num="146" type="cond"/>
            <line num="147" count="0" type="stmt"/>
            <line num="148" count="12" type="stmt"/>
            <line falsecount="12" truecount="0" num="148" type="cond"/>
            <line num="149" count="0" type="stmt"/>
            <line num="150" count="12" type="stmt"/>
            <line falsecount="6" truecount="6" num="150" type="cond"/>
            <line num="151" count="6" type="stmt"/>
            <line num="153" count="6" type="stmt"/>
            <line complexity="1" visibility="public" signature="sheet(String) : ExcelSheet" num="157" count="26" type="method"/>
            <line num="158" count="26" type="stmt"/>
            <line complexity="1" visibility="public" signature="save(Path) : void" num="161" count="0" type="method"/>
            <line num="162" count="0" type="stmt"/>
            <line complexity="2" visibility="public" signature="save(File) : void" num="165" count="0" type="method"/>
            <line num="166" count="0" type="stmt"/>
            <line num="167" count="0" type="stmt"/>
            <line num="169" count="0" type="stmt"/>
            <line complexity="2" visibility="public" signature="close() : void" num="173" count="7" type="method"/>
            <line num="175" count="7" type="stmt"/>
            <line num="176" count="7" type="stmt"/>
            <line num="178" count="0" type="stmt"/>
            <line complexity="1" visibility="private" signature="ExcelSheet(ExcelFile,String)" num="186" count="26" type="method"/>
            <line num="187" count="26" type="stmt"/>
            <line num="188" count="26" type="stmt"/>
            <line complexity="1" visibility="public" signature="read(int,int,Converter&lt;T&gt;,Consumer&lt;T&gt;) : T" num="191" count="148" type="method"/>
            <line num="192" count="148" type="stmt"/>
            <line complexity="1" visibility="public" signature="read(int,int,Converter&lt;T&gt;) : T" num="195" count="3" type="method"/>
            <line num="196" count="3" type="stmt"/>
            <line complexity="1" visibility="public" signature="read(int,int,Consumer&lt;String&gt;) : String" num="199" count="0" type="method"/>
            <line num="200" count="0" type="stmt"/>
            <line complexity="1" visibility="public" signature="read(int,int) : String" num="203" count="0" type="method"/>
            <line num="204" count="0" type="stmt"/>
            <line complexity="1" visibility="public" signature="write(int,int,T) : void" num="207" count="6" type="method"/>
            <line num="208" count="6" type="stmt"/>
            <line complexity="1" visibility="public" signature="getRows(Predicate&lt;Row&gt;) : SortedSet&lt;Integer&gt;" num="211" count="25" type="method"/>
            <line num="212" count="25" type="stmt"/>
            <line complexity="1" visibility="public" signature="toString() : String" num="215" count="0" type="method"/>
            <line num="216" count="0" type="stmt"/>
            <line complexity="1" visibility="public" signature="getColumn(Predicate&lt;Cell&gt;) : int" num="219" count="145" type="method"/>
            <line num="220" count="145" type="stmt"/>
         </file>
         <file path="/home/paulo/Repos/marxls/src/main/java/net/technearts/ExcelMarshaller.java" name="ExcelMarshaller.java">
            <metrics coveredelements="53" coveredconditionals="7" complexity="23" loc="139" coveredmethods="9" methods="10" elements="64" classes="1" ncloc="118" statements="42" conditionals="12" coveredstatements="37"/>
            <class name="ExcelMarshaller">
               <metrics coveredelements="53" coveredconditionals="7" complexity="23" coveredmethods="9" methods="10" elements="64" statements="42" conditionals="12" coveredstatements="37"/>
            </class>
            <line complexity="1" visibility="private" signature="ExcelMarshaller(File,String,Predicate&lt;Row&gt;,boolean)" num="37" count="5" type="method"/>
            <line num="39" count="5" type="stmt"/>
            <line num="40" count="5" type="stmt"/>
            <line num="41" count="5" type="stmt"/>
            <line num="42" count="5" type="stmt"/>
            <line num="43" count="5" type="stmt"/>
            <line num="44" count="5" type="stmt"/>
            <line num="45" count="5" type="stmt"/>
            <line complexity="1" visibility="private" signature="ExcelMarshaller(File,Predicate&lt;Row&gt;,boolean)" num="48" count="5" type="method"/>
            <line num="50" count="5" type="stmt"/>
            <line complexity="1" visibility="public" signature="create(File) : ExcelMarshaller" num="53" count="5" type="method"/>
            <line num="55" count="5" type="stmt"/>
            <line complexity="1" visibility="public" signature="create(File,Predicate&lt;Row&gt;,boolean) : ExcelMarshaller" num="58" count="5" type="method"/>
            <line num="60" count="5" type="stmt"/>
            <line num="61" count="5" type="stmt"/>
            <line num="62" count="25" type="stmt"/>
            <line num="64" count="5" type="stmt"/>
            <line complexity="5" visibility="public" signature="read(File) : void" num="67" count="5" type="method"/>
            <line num="68" count="5" type="stmt"/>
            <line num="69" count="5" type="stmt"/>
            <line num="70" count="5" type="stmt"/>
            <line num="70" count="5" type="stmt"/>
            <line num="71" count="5" type="stmt"/>
            <line num="72" count="25" type="stmt"/>
            <line num="73" count="25" type="stmt"/>
            <line num="74" count="25" type="stmt"/>
            <line num="75" count="65" type="stmt"/>
            <line num="76" count="65" type="stmt"/>
            <line num="77" count="185" type="stmt"/>
            <line num="79" count="65" type="stmt"/>
            <line num="83" count="0" type="stmt"/>
            <line num="85" count="0" type="stmt"/>
            <line complexity="5" visibility="private" signature="setMember(ExcelSheet,int,Object,Member) : void" num="89" count="185" type="method"/>
            <line num="91" count="185" type="stmt"/>
            <line num="92" count="185" type="stmt"/>
            <line falsecount="10" truecount="175" num="92" type="cond"/>
            <line num="93" count="175" type="stmt"/>
            <line falsecount="40" truecount="135" num="93" type="cond"/>
            <line num="94" count="135" type="stmt"/>
            <line num="97" count="40" type="stmt"/>
            <line num="101" count="10" type="stmt"/>
            <line num="105" count="20" type="stmt"/>
            <line num="107" count="0" type="stmt"/>
            <line complexity="4" visibility="private" signature="column(ExcelSheet,Member) : int" num="111" count="145" type="method"/>
            <line num="112" count="145" type="stmt"/>
            <line num="113" count="145" type="stmt"/>
            <line falsecount="0" truecount="145" num="113" type="cond"/>
            <line num="118" count="0" type="stmt"/>
            <line falsecount="0" truecount="0" num="119" type="cond"/>
            <line complexity="3" visibility="private" signature="getLines(ExcelSheet) : SortedSet&lt;Integer&gt;" num="124" count="25" type="method"/>
            <line num="125" count="25" type="stmt"/>
            <line num="127" count="25" type="stmt"/>
            <line falsecount="25" truecount="0" num="127" type="cond"/>
            <line falsecount="0" truecount="25" num="127" type="cond"/>
            <line complexity="1" visibility="public" signature="get(Class&lt;T&gt;) : Map&lt;Integer, T&gt;" num="130" count="5" type="method"/>
            <line num="132" count="5" type="stmt"/>
            <line complexity="1" visibility="public" signature="addBeanFilter(Predicate&lt;Object&gt;) : void" num="135" count="0" type="method"/>
            <line num="136" count="0" type="stmt"/>
         </file>
         <file path="/home/paulo/Repos/marxls/src/main/java/net/technearts/Mapping.java" name="Mapping.java">
            <metrics coveredelements="4" coveredconditionals="2" complexity="2" loc="20" coveredmethods="1" methods="1" elements="4" classes="1" ncloc="16" statements="1" conditionals="2" coveredstatements="1"/>
            <class name="Mapping">
               <metrics coveredelements="4" coveredconditionals="2" complexity="2" coveredmethods="1" methods="1" elements="4" statements="1" conditionals="2" coveredstatements="1"/>
            </class>
            <line complexity="2" visibility="public" signature="getMember(String) : Member" num="14" count="30" type="method"/>
            <line num="15" count="30" type="stmt"/>
            <line falsecount="30" truecount="60" num="16" type="cond"/>
         </file>
         <file path="/home/paulo/Repos/marxls/src/main/java/net/technearts/Mappings.java" name="Mappings.java">
            <metrics coveredelements="0" coveredconditionals="0" complexity="0" loc="10" coveredmethods="0" methods="0" elements="0" classes="1" ncloc="7" statements="0" conditionals="0" coveredstatements="0"/>
            <class name="Mappings">
               <metrics coveredelements="0" coveredconditionals="0" complexity="0" coveredmethods="0" methods="0" elements="0" statements="0" conditionals="0" coveredstatements="0"/>
            </class>
         </file>
         <file path="/home/paulo/Repos/marxls/src/main/java/net/technearts/Member.java" name="Member.java">
            <metrics coveredelements="4" coveredconditionals="0" complexity="2" loc="23" coveredmethods="2" methods="2" elements="4" classes="1" ncloc="18" statements="2" conditionals="0" coveredstatements="2"/>
            <class name="Member">
               <metrics coveredelements="4" coveredconditionals="0" complexity="2" coveredmethods="2" methods="2" elements="4" statements="2" conditionals="0" coveredstatements="2"/>
            </class>
            <line complexity="1" visibility="public" signature="isTitleBased() : boolean" num="16" count="235" type="method"/>
            <line num="17" count="235" type="stmt"/>
            <line complexity="1" visibility="public" signature="isReferenceBased() : boolean" num="20" count="195" type="method"/>
            <line num="21" count="195" type="stmt"/>
         </file>
         <file path="/home/paulo/Repos/marxls/src/main/java/net/technearts/Repository.java" name="Repository.java">
            <metrics coveredelements="72" coveredconditionals="20" complexity="35" loc="156" coveredmethods="7" methods="8" elements="91" classes="1" ncloc="140" statements="55" conditionals="28" coveredstatements="45"/>
            <class name="Repository">
               <metrics coveredelements="72" coveredconditionals="20" complexity="35" coveredmethods="7" methods="8" elements="91" statements="55" conditionals="28" coveredstatements="45"/>
            </class>
            <line complexity="2" visibility="public" signature="put(Mapping,int,Object) : void" num="33" count="65" type="method"/>
            <line num="34" count="65" type="stmt"/>
            <line falsecount="0" truecount="65" num="34" type="cond"/>
            <line num="35" count="65" type="stmt"/>
            <line complexity="2" visibility="public" signature="get(String,int) : Object" num="39" count="40" type="method"/>
            <line num="40" count="40" type="stmt"/>
            <line falsecount="40" truecount="0" num="40" type="cond"/>
            <line num="41" count="0" type="stmt"/>
            <line num="43" count="40" type="stmt"/>
            <line complexity="2" visibility="public" signature="get(String) : Map&lt;Integer, Object&gt;" num="47" count="15" type="method"/>
            <line num="48" count="15" type="stmt"/>
            <line num="49" count="45" type="stmt"/>
            <line falsecount="30" truecount="15" num="49" type="cond"/>
            <line num="50" count="15" type="stmt"/>
            <line num="53" count="0" type="stmt"/>
            <line complexity="2" visibility="public" signature="get(Class&lt;?&gt;) : Map&lt;Integer, Object&gt;" num="56" count="5" type="method"/>
            <line num="57" count="5" type="stmt"/>
            <line num="58" count="15" type="stmt"/>
            <line falsecount="10" truecount="5" num="58" type="cond"/>
            <line num="59" count="5" type="stmt"/>
            <line num="62" count="0" type="stmt"/>
            <line complexity="1" visibility="public" signature="addFilter(Predicate&lt;Object&gt;) : void" num="65" count="0" type="method"/>
            <line num="66" count="0" type="stmt"/>
            <line complexity="11" visibility="public" signature="set(T,Member,V,String,List&lt;Mapping&gt;) : void" num="69" count="155" type="method"/>
            <line num="72" count="155" type="stmt"/>
            <line num="73" count="155" type="stmt"/>
            <line num="74" count="155" type="stmt"/>
            <line num="75" count="155" type="stmt"/>
            <line num="76" count="155" type="stmt"/>
            <line num="77" count="155" type="stmt"/>
            <line falsecount="125" truecount="30" num="77" type="cond"/>
            <line num="78" count="30" type="stmt"/>
            <line num="79" count="30" type="stmt"/>
            <line falsecount="0" truecount="30" num="79" type="cond"/>
            <line num="80" count="30" type="stmt"/>
            <line num="81" count="30" type="stmt"/>
            <line num="83" count="30" type="stmt"/>
            <line falsecount="20" truecount="10" num="83" type="cond"/>
            <line num="84" count="10" type="stmt"/>
            <line num="87" count="20" type="stmt"/>
            <line falsecount="20" truecount="0" num="87" type="cond"/>
            <line num="88" count="0" type="stmt"/>
            <line num="89" count="0" type="stmt"/>
            <line num="92" count="20" type="stmt"/>
            <line num="93" count="30" type="stmt"/>
            <line falsecount="15" truecount="15" num="93" type="cond"/>
            <line num="94" count="15" type="stmt"/>
            <line num="96" count="15" type="stmt"/>
            <line num="97" count="30" type="stmt"/>
            <line num="98" count="30" type="stmt"/>
            <line num="99" count="30" type="stmt"/>
            <line num="101" count="30" type="stmt"/>
            <line falsecount="0" truecount="30" num="101" type="cond"/>
            <line num="102" count="30" type="stmt"/>
            <line num="103" count="30" type="stmt"/>
            <line falsecount="30" truecount="0" num="103" type="cond"/>
            <line num="104" count="0" type="stmt"/>
            <line num="111" count="30" type="stmt"/>
            <line num="112" count="30" type="stmt"/>
            <line falsecount="15" truecount="15" num="112" type="cond"/>
            <line num="113" count="15" type="stmt"/>
            <line num="116" count="0" type="stmt"/>
            <line num="123" count="125" type="stmt"/>
            <line num="126" count="0" type="stmt"/>
            <line complexity="14" visibility="private" signature="newCollectionInstance(Class&lt;T&gt;) : T" num="131" count="60" type="method"/>
            <line num="133" count="60" type="stmt"/>
            <line num="134" count="60" type="stmt"/>
            <line num="135" count="60" type="stmt"/>
            <line num="137" count="30" type="stmt"/>
            <line falsecount="30" truecount="0" num="137" type="cond"/>
            <line num="142" count="0" type="stmt"/>
            <line num="143" count="30" type="stmt"/>
            <line falsecount="0" truecount="30" num="143" type="cond"/>
            <line num="147" count="30" type="stmt"/>
            <line num="150" count="60" type="stmt"/>
            <line complexity="1" visibility="public" signature="set(Member,int,V) : void" num="153" count="10" type="method"/>
            <line num="154" count="10" type="stmt"/>
         </file>
      </package>
   </project>
   <testproject name="marxls 0.0.2" timestamp="1558319449957">
      <metrics coveredelements="68" complexity="19" loc="216" methods="11" classes="8" statements="63" packages="1" coveredconditionals="0" coveredmethods="10" elements="74" ncloc="176" files="8" conditionals="0" coveredstatements="58"/>
      <package name="net.technearts">
         <metrics coveredelements="68" complexity="19" loc="216" methods="11" classes="8" statements="63" coveredconditionals="0" coveredmethods="10" elements="74" ncloc="176" files="8" conditionals="0" coveredstatements="58"/>
         <file path="/home/paulo/Repos/marxls/src/test/java/net/technearts/Address.java" name="Address.java">
            <metrics coveredelements="0" coveredconditionals="0" complexity="0" loc="9" coveredmethods="0" methods="0" elements="0" classes="1" ncloc="7" statements="0" conditionals="0" coveredstatements="0"/>
            <class name="Address">
               <metrics coveredelements="0" coveredconditionals="0" complexity="0" coveredmethods="0" methods="0" elements="0" statements="0" conditionals="0" coveredstatements="0"/>
            </class>
         </file>
         <file path="/home/paulo/Repos/marxls/src/test/java/net/technearts/Country.java" name="Country.java">
            <metrics coveredelements="0" coveredconditionals="0" complexity="0" loc="5" coveredmethods="0" methods="0" elements="0" classes="1" ncloc="4" statements="0" conditionals="0" coveredstatements="0"/>
            <class name="Country">
               <metrics coveredelements="0" coveredconditionals="0" complexity="0" coveredmethods="0" methods="0" elements="0" statements="0" conditionals="0" coveredstatements="0"/>
            </class>
         </file>
         <file path="/home/paulo/Repos/marxls/src/test/java/net/technearts/ExcelFileTest.java" name="ExcelFileTest.java">
            <metrics coveredelements="40" coveredconditionals="0" complexity="12" loc="88" coveredmethods="4" methods="5" elements="45" classes="1" ncloc="73" statements="40" conditionals="0" coveredstatements="36"/>
            <class name="ExcelFileTest">
               <metrics coveredelements="40" complexity="12" methods="5" testruns="2" statements="40" coveredconditionals="0" coveredmethods="4" elements="45" testfailures="0" testduration="0.5670000000000001" conditionals="0" coveredstatements="36" testpasses="2"/>
            </class>
            <line complexity="4" visibility="public" signature="testExcelFile() : void" num="22" testsuccess="true" count="1" testduration="0.041" type="method"/>
            <line num="25" count="1" type="stmt"/>
            <line num="25" count="1" type="stmt"/>
            <line num="27" count="1" type="stmt"/>
            <line num="28" count="1" type="stmt"/>
            <line num="29" count="1" type="stmt"/>
            <line num="30" count="1" type="stmt"/>
            <line num="31" count="1" type="stmt"/>
            <line num="32" count="1" type="stmt"/>
            <line num="33" count="1" type="stmt"/>
            <line num="34" count="1" type="stmt"/>
            <line num="35" count="1" type="stmt"/>
            <line num="36" count="1" type="stmt"/>
            <line num="38" count="1" type="stmt"/>
            <line num="40" count="1" type="stmt"/>
            <line num="43" count="0" type="stmt"/>
            <line num="45" count="1" type="stmt"/>
            <line complexity="5" visibility="public" signature="testExcelSheet() : void" num="48" testsuccess="true" count="1" testduration="0.526" type="method"/>
            <line num="50" count="1" type="stmt"/>
            <line num="51" count="1" type="stmt"/>
            <line num="52" count="1" type="stmt"/>
            <line num="53" count="1" type="stmt"/>
            <line num="53" count="1" type="stmt"/>
            <line num="54" count="1" type="stmt"/>
            <line num="55" count="1" type="stmt"/>
            <line num="56" count="1" type="stmt"/>
            <line num="57" count="1" type="stmt"/>
            <line num="58" count="1" type="stmt"/>
            <line num="59" count="1" type="stmt"/>
            <line num="60" count="1" type="stmt"/>
            <line num="61" count="1" type="stmt"/>
            <line num="62" count="1" type="stmt"/>
            <line num="63" count="1" type="stmt"/>
            <line num="64" count="1" type="stmt"/>
            <line num="65" count="1" type="stmt"/>
            <line num="66" count="1" type="stmt"/>
            <line num="68" count="0" type="stmt"/>
            <line num="72" count="0" type="stmt"/>
            <line num="74" count="1" type="stmt"/>
            <line complexity="1" visibility="package" signature="doubleTest(Double) : Double" num="77" count="6" type="method"/>
            <line num="78" count="6" type="stmt"/>
            <line complexity="1" visibility="package" signature="stringTest(String) : String" num="81" count="6" type="method"/>
            <line num="82" count="6" type="stmt"/>
            <line complexity="1" visibility="package" signature="booleanTest(boolean) : boolean" num="85" count="0" type="method"/>
            <line num="86" count="0" type="stmt"/>
         </file>
         <file path="/home/paulo/Repos/marxls/src/test/java/net/technearts/ExcelMarshallerTest.java" name="ExcelMarshallerTest.java">
            <metrics coveredelements="28" coveredconditionals="0" complexity="7" loc="70" coveredmethods="6" methods="6" elements="29" classes="1" ncloc="58" statements="23" conditionals="0" coveredstatements="22"/>
            <class name="ExcelMarshallerTest">
               <metrics coveredelements="28" complexity="7" methods="6" testruns="5" statements="23" coveredconditionals="0" coveredmethods="6" elements="29" testfailures="0" testduration="0.001" conditionals="0" coveredstatements="22" testpasses="5"/>
            </class>
            <line complexity="2" visibility="public" signature="setup() : void" num="21" count="5" type="method"/>
            <line num="23" count="5" type="stmt"/>
            <line num="24" count="5" type="stmt"/>
            <line num="26" count="5" type="stmt"/>
            <line num="28" count="0" type="stmt"/>
            <line complexity="1" visibility="public" signature="testSimpleMembers() : void" num="32" testsuccess="true" count="1" testduration="0.0" type="method"/>
            <line num="34" count="1" type="stmt"/>
            <line num="35" count="1" type="stmt"/>
            <line num="36" count="1" type="stmt"/>
            <line complexity="1" visibility="public" signature="testEnum() : void" num="39" testsuccess="true" count="1" testduration="0.001" type="method"/>
            <line num="41" count="1" type="stmt"/>
            <line num="42" count="1" type="stmt"/>
            <line num="43" count="1" type="stmt"/>
            <line complexity="1" visibility="public" signature="testBeanMemberWithoutReference() : void" num="46" testsuccess="true" count="1" testduration="0.0" type="method"/>
            <line num="48" count="1" type="stmt"/>
            <line num="49" count="1" type="stmt"/>
            <line num="50" count="1" type="stmt"/>
            <line complexity="1" visibility="public" signature="testMemberWithMultiValue() : void" num="53" testsuccess="true" count="1" testduration="0.0" type="method"/>
            <line num="55" count="1" type="stmt"/>
            <line num="56" count="1" type="stmt"/>
            <line num="57" count="1" type="stmt"/>
            <line num="58" count="1" type="stmt"/>
            <line num="59" count="1" type="stmt"/>
            <line num="60" count="1" type="stmt"/>
            <line num="61" count="1" type="stmt"/>
            <line num="62" count="1" type="stmt"/>
            <line complexity="1" visibility="public" signature="testMemberWithSimpleValue() : void" num="65" testsuccess="true" count="1" testduration="0.0" type="method"/>
            <line num="67" count="1" type="stmt"/>
            <line num="68" count="1" type="stmt"/>
         </file>
         <file path="/home/paulo/Repos/marxls/src/test/java/net/technearts/MainEntity.java" name="MainEntity.java">
            <metrics coveredelements="0" coveredconditionals="0" complexity="0" loc="9" coveredmethods="0" methods="0" elements="0" classes="1" ncloc="7" statements="0" conditionals="0" coveredstatements="0"/>
            <class name="MainEntity">
               <metrics coveredelements="0" coveredconditionals="0" complexity="0" coveredmethods="0" methods="0" elements="0" statements="0" conditionals="0" coveredstatements="0"/>
            </class>
         </file>
         <file path="/home/paulo/Repos/marxls/src/test/java/net/technearts/Place.java" name="Place.java">
            <metrics coveredelements="0" coveredconditionals="0" complexity="0" loc="9" coveredmethods="0" methods="0" elements="0" classes="1" ncloc="7" statements="0" conditionals="0" coveredstatements="0"/>
            <class name="Place">
               <metrics coveredelements="0" coveredconditionals="0" complexity="0" coveredmethods="0" methods="0" elements="0" statements="0" conditionals="0" coveredstatements="0"/>
            </class>
         </file>
         <file path="/home/paulo/Repos/marxls/src/test/java/net/technearts/PlaceTags.java" name="PlaceTags.java">
            <metrics coveredelements="0" coveredconditionals="0" complexity="0" loc="11" coveredmethods="0" methods="0" elements="0" classes="1" ncloc="8" statements="0" conditionals="0" coveredstatements="0"/>
            <class name="PlaceTags">
               <metrics coveredelements="0" coveredconditionals="0" complexity="0" coveredmethods="0" methods="0" elements="0" statements="0" conditionals="0" coveredstatements="0"/>
            </class>
         </file>
         <file path="/home/paulo/Repos/marxls/src/test/java/net/technearts/SimpleEntity.java" name="SimpleEntity.java">
            <metrics coveredelements="0" coveredconditionals="0" complexity="0" loc="15" coveredmethods="0" methods="0" elements="0" classes="1" ncloc="12" statements="0" conditionals="0" coveredstatements="0"/>
            <class name="SimpleEntity">
               <metrics coveredelements="0" coveredconditionals="0" complexity="0" coveredmethods="0" methods="0" elements="0" statements="0" conditionals="0" coveredstatements="0"/>
            </class>
         </file>
      </package>
   </testproject>
</coverage>